******************** Stress Settings ********************
Command:
  Type: write
  Count: 500,000
  No Warmup: false
  Consistency Level: ONE
  Serial Consistency Level: SERIAL
  Target Uncertainty: not applicable
  Key Size (bytes): 10
  Counter Increment Distibution: add=fixed(1)
Rate:
  Auto: true
  Min Threads: 16
  Max Threads: 512
Population:
  Sequence: 1..500000
  Order: ARBITRARY
  Wrap: true
Insert:
  Revisits: Uniform:  min=1,max=1000000
  Visits: Fixed:  key=1
  Row Population Ratio: Ratio: divisor=1.000000;delegate=Fixed:  key=1
  Batch Type: not batching
Columns:
  Max Columns Per Key: 5
  Column Names: [C0, C1, C2, C3, C4]
  Comparator: AsciiType
  Timestamp: null
  Variable Column Count: false
  Slice: false
  Size Distribution: Fixed:  key=256
  Count Distribution: Fixed:  key=5
Errors:
  Ignore: false
  Fail fast setting: false
  Tries: 10
Log:
  No Summary: false
  No Settings: false
  File: null
  Interval Millis: 1000
  Level: NORMAL
Mode:
  API: JAVA_DRIVER_NATIVE
  Connection Style: CQL_PREPARED
  CQL Version: CQL3
  Protocol Version: DEFAULT
  Username: null
  Password: null
  Auth Provide Class: null
  Max Pending Per Connection: null
  Connections Per Host: 8
  Request Timeout: 12000 ms
  Compression: NONE
Node:
  Nodes: [172.31.42.12, 172.31.38.44]
  Is White List: false
  Datacenter: null
  Rack: null
  Load Balance: auto
  Remote DC Hosts: disabled
Schema:
  Keyspace: keyspace1
  Replication Strategy: org.apache.cassandra.locator.NetworkTopologyStrategy
  Replication Strategy Options: {replication_factor=1}
  Storage Options: {}
  Table Compression: null
  Table Compaction Strategy: null
  Table Compaction Strategy Options: {}
Transport:
  factory=org.apache.cassandra.thrift.TFramedTransportFactory; truststore=null; truststore-password=null; keystore=null; keystore-password=null; ssl-protocol=TLS; ssl-alg=SunX509; store-type=JKS; ssl-ciphers=TLS_AES_256_GCM_SHA384,TLS_AES_128_GCM_SHA256,TLS_ECDHE_RSA_WITH_AES_256_GCM_SHA384,TLS_ECDHE_RSA_WITH_AES_128_GCM_SHA256; hostname-verification=false; 
Port:
  Native Port: 9042
  Thrift Port: 9160
  JMX Port: 7199
Send To Daemon:
  *not set*
Graph:
  File: null
  Revision: unknown
  Title: null
  Operation: WRITE
TokenRange:
  Wrap: false
  Split Factor: 1

INFO  [main] 2026-07-02 16:59:55,569 Cluster.java:272 - ScyllaDB Java Driver 3.11.5.15
INFO  [main] 2026-07-02 16:59:55,631 Native.java:113 - Could not load JNR C Library, native system calls through this library will not be available (set this logger level to DEBUG to see the full stack trace).
INFO  [main] 2026-07-02 16:59:55,632 Clock.java:60 - Using java.lang.System clock to generate timestamps.
INFO  [main] 2026-07-02 16:59:55,676 Cluster.java:187 - ===== Using optimized driver!!! =====
INFO  [main] 2026-07-02 16:59:55,755 NettyUtil.java:84 - Detected shaded Netty classes in the classpath; native epoll transport will not work properly, defaulting to NIO.
INFO  [main] 2026-07-02 16:59:56,300 DCAwareRoundRobinPolicy.java:110 - Using data-center name 'datacenter1' for DCAwareRoundRobinPolicy (if this is incorrect, please provide the correct datacenter name with DCAwareRoundRobinPolicy constructor)
INFO  [main] 2026-07-02 16:59:56,302 Cluster.java:1770 - New Cassandra host /172.31.42.12:9042 added
Connected to cluster: , max pending requests per connection null, max connections per host 8
Datatacenter: datacenter1; Host: /172.31.42.12; Rack: rack1
INFO  [main] 2026-07-02 16:59:56,322 HostConnectionPool.java:201 - Using advanced port-based shard awareness with /172.31.42.12:9042
WARN  [cluster1-nio-worker-0] 2026-07-02 17:00:01,342 Connection.java:288 - Error creating netty channel to /172.31.42.12:9042
com.datastax.shaded.netty.channel.ConnectTimeoutException: connection timed out after 5000 ms: /172.31.42.12:19042
	at com.datastax.shaded.netty.channel.nio.AbstractNioChannel$AbstractNioUnsafe$1.run(AbstractNioChannel.java:263)
	at com.datastax.shaded.netty.util.concurrent.PromiseTask.runTask(PromiseTask.java:98)
	at com.datastax.shaded.netty.util.concurrent.ScheduledFutureTask.run(ScheduledFutureTask.java:160)
	at com.datastax.shaded.netty.util.concurrent.AbstractEventExecutor.runTask(AbstractEventExecutor.java:173)
	at com.datastax.shaded.netty.util.concurrent.AbstractEventExecutor.safeExecute(AbstractEventExecutor.java:166)
	at com.datastax.shaded.netty.util.concurrent.SingleThreadEventExecutor.runAllTasks(SingleThreadEventExecutor.java:472)
	at com.datastax.shaded.netty.channel.nio.NioEventLoop.run(NioEventLoop.java:569)
	at com.datastax.shaded.netty.util.concurrent.SingleThreadEventExecutor$4.run(SingleThreadEventExecutor.java:998)
	at com.datastax.shaded.netty.util.internal.ThreadExecutorMap$2.run(ThreadExecutorMap.java:74)
	at com.datastax.shaded.netty.util.concurrent.FastThreadLocalRunnable.run(FastThreadLocalRunnable.java:30)
	at java.base/java.lang.Thread.run(Unknown Source)
WARN  [cluster1-nio-worker-1] 2026-07-02 17:00:01,346 Connection.java:288 - Error creating netty channel to /172.31.42.12:9042
com.datastax.shaded.netty.channel.ConnectTimeoutException: connection timed out after 5000 ms: /172.31.42.12:19042
	at com.datastax.shaded.netty.channel.nio.AbstractNioChannel$AbstractNioUnsafe$1.run(AbstractNioChannel.java:263)
	at com.datastax.shaded.netty.util.concurrent.PromiseTask.runTask(PromiseTask.java:98)
	at com.datastax.shaded.netty.util.concurrent.ScheduledFutureTask.run(ScheduledFutureTask.java:160)
	at com.datastax.shaded.netty.util.concurrent.AbstractEventExecutor.runTask(AbstractEventExecutor.java:173)
	at com.datastax.shaded.netty.util.concurrent.AbstractEventExecutor.safeExecute(AbstractEventExecutor.java:166)
	at com.datastax.shaded.netty.util.concurrent.SingleThreadEventExecutor.runAllTasks(SingleThreadEventExecutor.java:472)
	at com.datastax.shaded.netty.channel.nio.NioEventLoop.run(NioEventLoop.java:569)
	at com.datastax.shaded.netty.util.concurrent.SingleThreadEventExecutor$4.run(SingleThreadEventExecutor.java:998)
	at com.datastax.shaded.netty.util.internal.ThreadExecutorMap$2.run(ThreadExecutorMap.java:74)
	at com.datastax.shaded.netty.util.concurrent.FastThreadLocalRunnable.run(FastThreadLocalRunnable.java:30)
	at java.base/java.lang.Thread.run(Unknown Source)
WARN  [cluster1-nio-worker-2] 2026-07-02 17:00:01,339 Connection.java:288 - Error creating netty channel to /172.31.42.12:9042
com.datastax.shaded.netty.channel.ConnectTimeoutException: connection timed out after 5000 ms: /172.31.42.12:19042
	at com.datastax.shaded.netty.channel.nio.AbstractNioChannel$AbstractNioUnsafe$1.run(AbstractNioChannel.java:263)
	at com.datastax.shaded.netty.util.concurrent.PromiseTask.runTask(PromiseTask.java:98)
	at com.datastax.shaded.netty.util.concurrent.ScheduledFutureTask.run(ScheduledFutureTask.java:160)
	at com.datastax.shaded.netty.util.concurrent.AbstractEventExecutor.runTask(AbstractEventExecutor.java:173)
	at com.datastax.shaded.netty.util.concurrent.AbstractEventExecutor.safeExecute(AbstractEventExecutor.java:166)
	at com.datastax.shaded.netty.util.concurrent.SingleThreadEventExecutor.runAllTasks(SingleThreadEventExecutor.java:472)
	at com.datastax.shaded.netty.channel.nio.NioEventLoop.run(NioEventLoop.java:569)
	at com.datastax.shaded.netty.util.concurrent.SingleThreadEventExecutor$4.run(SingleThreadEventExecutor.java:998)
	at com.datastax.shaded.netty.util.internal.ThreadExecutorMap$2.run(ThreadExecutorMap.java:74)
	at com.datastax.shaded.netty.util.concurrent.FastThreadLocalRunnable.run(FastThreadLocalRunnable.java:30)
	at java.base/java.lang.Thread.run(Unknown Source)
WARN  [cluster1-nio-worker-3] 2026-07-02 17:00:01,340 Connection.java:288 - Error creating netty channel to /172.31.42.12:9042
com.datastax.shaded.netty.channel.ConnectTimeoutException: connection timed out after 5000 ms: /172.31.42.12:19042
	at com.datastax.shaded.netty.channel.nio.AbstractNioChannel$AbstractNioUnsafe$1.run(AbstractNioChannel.java:263)
	at com.datastax.shaded.netty.util.concurrent.PromiseTask.runTask(PromiseTask.java:98)
	at com.datastax.shaded.netty.util.concurrent.ScheduledFutureTask.run(ScheduledFutureTask.java:160)
	at com.datastax.shaded.netty.util.concurrent.AbstractEventExecutor.runTask(AbstractEventExecutor.java:173)
	at com.datastax.shaded.netty.util.concurrent.AbstractEventExecutor.safeExecute(AbstractEventExecutor.java:166)
	at com.datastax.shaded.netty.util.concurrent.SingleThreadEventExecutor.runAllTasks(SingleThreadEventExecutor.java:472)
	at com.datastax.shaded.netty.channel.nio.NioEventLoop.run(NioEventLoop.java:569)
	at com.datastax.shaded.netty.util.concurrent.SingleThreadEventExecutor$4.run(SingleThreadEventExecutor.java:998)
	at com.datastax.shaded.netty.util.internal.ThreadExecutorMap$2.run(ThreadExecutorMap.java:74)
	at com.datastax.shaded.netty.util.concurrent.FastThreadLocalRunnable.run(FastThreadLocalRunnable.java:30)
	at java.base/java.lang.Thread.run(Unknown Source)
WARN  [cluster1-nio-worker-1] 2026-07-02 17:00:01,414 HostConnectionPool.java:478 - Error creating connection to /172.31.42.12:9042
com.datastax.driver.core.exceptions.TransportException: [/172.31.42.12:9042] Cannot connect
	at com.datastax.driver.core.Connection$1.operationComplete(Connection.java:324)
	at com.datastax.driver.core.Connection$1.operationComplete(Connection.java:251)
	at com.datastax.shaded.netty.util.concurrent.DefaultPromise.notifyListener0(DefaultPromise.java:603)
	at com.datastax.shaded.netty.util.concurrent.DefaultPromise.notifyListeners0(DefaultPromise.java:596)
	at com.datastax.shaded.netty.util.concurrent.DefaultPromise.notifyListenersNow(DefaultPromise.java:572)
	at com.datastax.shaded.netty.util.concurrent.DefaultPromise.notifyListeners(DefaultPromise.java:505)
	at com.datastax.shaded.netty.util.concurrent.DefaultPromise.setValue0(DefaultPromise.java:649)
	at com.datastax.shaded.netty.util.concurrent.DefaultPromise.setFailure0(DefaultPromise.java:642)
	at com.datastax.shaded.netty.util.concurrent.DefaultPromise.tryFailure(DefaultPromise.java:131)
	at com.datastax.shaded.netty.channel.nio.AbstractNioChannel$AbstractNioUnsafe$1.run(AbstractNioChannel.java:264)
	at com.datastax.shaded.netty.util.concurrent.PromiseTask.runTask(PromiseTask.java:98)
	at com.datastax.shaded.netty.util.concurrent.ScheduledFutureTask.run(ScheduledFutureTask.java:160)
	at com.datastax.shaded.netty.util.concurrent.AbstractEventExecutor.runTask(AbstractEventExecutor.java:173)
	at com.datastax.shaded.netty.util.concurrent.AbstractEventExecutor.safeExecute(AbstractEventExecutor.java:166)
	at com.datastax.shaded.netty.util.concurrent.SingleThreadEventExecutor.runAllTasks(SingleThreadEventExecutor.java:472)
	at com.datastax.shaded.netty.channel.nio.NioEventLoop.run(NioEventLoop.java:569)
	at com.datastax.shaded.netty.util.concurrent.SingleThreadEventExecutor$4.run(SingleThreadEventExecutor.java:998)
	at com.datastax.shaded.netty.util.internal.ThreadExecutorMap$2.run(ThreadExecutorMap.java:74)
	at com.datastax.shaded.netty.util.concurrent.FastThreadLocalRunnable.run(FastThreadLocalRunnable.java:30)
	at java.base/java.lang.Thread.run(Unknown Source)
Caused by: com.datastax.shaded.netty.channel.ConnectTimeoutException: connection timed out after 5000 ms: /172.31.42.12:19042
	at com.datastax.shaded.netty.channel.nio.AbstractNioChannel$AbstractNioUnsafe$1.run(AbstractNioChannel.java:263)
	... 10 common frames omitted
WARN  [cluster1-nio-worker-2] 2026-07-02 17:00:01,421 HostConnectionPool.java:478 - Error creating connection to /172.31.42.12:9042
com.datastax.driver.core.exceptions.TransportException: [/172.31.42.12:9042] Cannot connect
	at com.datastax.driver.core.Connection$1.operationComplete(Connection.java:324)
	at com.datastax.driver.core.Connection$1.operationComplete(Connection.java:251)
	at com.datastax.shaded.netty.util.concurrent.DefaultPromise.notifyListener0(DefaultPromise.java:603)
	at com.datastax.shaded.netty.util.concurrent.DefaultPromise.notifyListeners0(DefaultPromise.java:596)
	at com.datastax.shaded.netty.util.concurrent.DefaultPromise.notifyListenersNow(DefaultPromise.java:572)
	at com.datastax.shaded.netty.util.concurrent.DefaultPromise.notifyListeners(DefaultPromise.java:505)
	at com.datastax.shaded.netty.util.concurrent.DefaultPromise.setValue0(DefaultPromise.java:649)
	at com.datastax.shaded.netty.util.concurrent.DefaultPromise.setFailure0(DefaultPromise.java:642)
	at com.datastax.shaded.netty.util.concurrent.DefaultPromise.tryFailure(DefaultPromise.java:131)
	at com.datastax.shaded.netty.channel.nio.AbstractNioChannel$AbstractNioUnsafe$1.run(AbstractNioChannel.java:264)
	at com.datastax.shaded.netty.util.concurrent.PromiseTask.runTask(PromiseTask.java:98)
	at com.datastax.shaded.netty.util.concurrent.ScheduledFutureTask.run(ScheduledFutureTask.java:160)
	at com.datastax.shaded.netty.util.concurrent.AbstractEventExecutor.runTask(AbstractEventExecutor.java:173)
	at com.datastax.shaded.netty.util.concurrent.AbstractEventExecutor.safeExecute(AbstractEventExecutor.java:166)
	at com.datastax.shaded.netty.util.concurrent.SingleThreadEventExecutor.runAllTasks(SingleThreadEventExecutor.java:472)
	at com.datastax.shaded.netty.channel.nio.NioEventLoop.run(NioEventLoop.java:569)
	at com.datastax.shaded.netty.util.concurrent.SingleThreadEventExecutor$4.run(SingleThreadEventExecutor.java:998)
	at com.datastax.shaded.netty.util.internal.ThreadExecutorMap$2.run(ThreadExecutorMap.java:74)
	at com.datastax.shaded.netty.util.concurrent.FastThreadLocalRunnable.run(FastThreadLocalRunnable.java:30)
	at java.base/java.lang.Thread.run(Unknown Source)
Caused by: com.datastax.shaded.netty.channel.ConnectTimeoutException: connection timed out after 5000 ms: /172.31.42.12:19042
	at com.datastax.shaded.netty.channel.nio.AbstractNioChannel$AbstractNioUnsafe$1.run(AbstractNioChannel.java:263)
	... 10 common frames omitted
WARN  [cluster1-nio-worker-3] 2026-07-02 17:00:01,418 HostConnectionPool.java:478 - Error creating connection to /172.31.42.12:9042
com.datastax.driver.core.exceptions.TransportException: [/172.31.42.12:9042] Cannot connect
	at com.datastax.driver.core.Connection$1.operationComplete(Connection.java:324)
	at com.datastax.driver.core.Connection$1.operationComplete(Connection.java:251)
	at com.datastax.shaded.netty.util.concurrent.DefaultPromise.notifyListener0(DefaultPromise.java:603)
	at com.datastax.shaded.netty.util.concurrent.DefaultPromise.notifyListeners0(DefaultPromise.java:596)
	at com.datastax.shaded.netty.util.concurrent.DefaultPromise.notifyListenersNow(DefaultPromise.java:572)
	at com.datastax.shaded.netty.util.concurrent.DefaultPromise.notifyListeners(DefaultPromise.java:505)
	at com.datastax.shaded.netty.util.concurrent.DefaultPromise.setValue0(DefaultPromise.java:649)
	at com.datastax.shaded.netty.util.concurrent.DefaultPromise.setFailure0(DefaultPromise.java:642)
	at com.datastax.shaded.netty.util.concurrent.DefaultPromise.tryFailure(DefaultPromise.java:131)
	at com.datastax.shaded.netty.channel.nio.AbstractNioChannel$AbstractNioUnsafe$1.run(AbstractNioChannel.java:264)
	at com.datastax.shaded.netty.util.concurrent.PromiseTask.runTask(PromiseTask.java:98)
	at com.datastax.shaded.netty.util.concurrent.ScheduledFutureTask.run(ScheduledFutureTask.java:160)
	at com.datastax.shaded.netty.util.concurrent.AbstractEventExecutor.runTask(AbstractEventExecutor.java:173)
	at com.datastax.shaded.netty.util.concurrent.AbstractEventExecutor.safeExecute(AbstractEventExecutor.java:166)
	at com.datastax.shaded.netty.util.concurrent.SingleThreadEventExecutor.runAllTasks(SingleThreadEventExecutor.java:472)
	at com.datastax.shaded.netty.channel.nio.NioEventLoop.run(NioEventLoop.java:569)
	at com.datastax.shaded.netty.util.concurrent.SingleThreadEventExecutor$4.run(SingleThreadEventExecutor.java:998)
	at com.datastax.shaded.netty.util.internal.ThreadExecutorMap$2.run(ThreadExecutorMap.java:74)
	at com.datastax.shaded.netty.util.concurrent.FastThreadLocalRunnable.run(FastThreadLocalRunnable.java:30)
	at java.base/java.lang.Thread.run(Unknown Source)
Caused by: com.datastax.shaded.netty.channel.ConnectTimeoutException: connection timed out after 5000 ms: /172.31.42.12:19042
	at com.datastax.shaded.netty.channel.nio.AbstractNioChannel$AbstractNioUnsafe$1.run(AbstractNioChannel.java:263)
	... 10 common frames omitted
WARN  [cluster1-nio-worker-2] 2026-07-02 17:00:01,438 Connection.java:288 - Error creating netty channel to /172.31.42.12:9042
com.datastax.shaded.netty.channel.ConnectTimeoutException: connection timed out after 5000 ms: /172.31.42.12:19042
	at com.datastax.shaded.netty.channel.nio.AbstractNioChannel$AbstractNioUnsafe$1.run(AbstractNioChannel.java:263)
	at com.datastax.shaded.netty.util.concurrent.PromiseTask.runTask(PromiseTask.java:98)
	at com.datastax.shaded.netty.util.concurrent.ScheduledFutureTask.run(ScheduledFutureTask.java:160)
	at com.datastax.shaded.netty.util.concurrent.AbstractEventExecutor.runTask(AbstractEventExecutor.java:173)
	at com.datastax.shaded.netty.util.concurrent.AbstractEventExecutor.safeExecute(AbstractEventExecutor.java:166)
	at com.datastax.shaded.netty.util.concurrent.SingleThreadEventExecutor.runAllTasks(SingleThreadEventExecutor.java:472)
	at com.datastax.shaded.netty.channel.nio.NioEventLoop.run(NioEventLoop.java:569)
	at com.datastax.shaded.netty.util.concurrent.SingleThreadEventExecutor$4.run(SingleThreadEventExecutor.java:998)
	at com.datastax.shaded.netty.util.internal.ThreadExecutorMap$2.run(ThreadExecutorMap.java:74)
	at com.datastax.shaded.netty.util.concurrent.FastThreadLocalRunnable.run(FastThreadLocalRunnable.java:30)
	at java.base/java.lang.Thread.run(Unknown Source)
WARN  [cluster1-nio-worker-3] 2026-07-02 17:00:01,439 Connection.java:288 - Error creating netty channel to /172.31.42.12:9042
com.datastax.shaded.netty.channel.ConnectTimeoutException: connection timed out after 5000 ms: /172.31.42.12:19042
	at com.datastax.shaded.netty.channel.nio.AbstractNioChannel$AbstractNioUnsafe$1.run(AbstractNioChannel.java:263)
	at com.datastax.shaded.netty.util.concurrent.PromiseTask.runTask(PromiseTask.java:98)
	at com.datastax.shaded.netty.util.concurrent.ScheduledFutureTask.run(ScheduledFutureTask.java:160)
	at com.datastax.shaded.netty.util.concurrent.AbstractEventExecutor.runTask(AbstractEventExecutor.java:173)
	at com.datastax.shaded.netty.util.concurrent.AbstractEventExecutor.safeExecute(AbstractEventExecutor.java:166)
	at com.datastax.shaded.netty.util.concurrent.SingleThreadEventExecutor.runAllTasks(SingleThreadEventExecutor.java:472)
	at com.datastax.shaded.netty.channel.nio.NioEventLoop.run(NioEventLoop.java:569)
	at com.datastax.shaded.netty.util.concurrent.SingleThreadEventExecutor$4.run(SingleThreadEventExecutor.java:998)
	at com.datastax.shaded.netty.util.internal.ThreadExecutorMap$2.run(ThreadExecutorMap.java:74)
	at com.datastax.shaded.netty.util.concurrent.FastThreadLocalRunnable.run(FastThreadLocalRunnable.java:30)
	at java.base/java.lang.Thread.run(Unknown Source)
WARN  [cluster1-nio-worker-2] 2026-07-02 17:00:01,451 HostConnectionPool.java:478 - Error creating connection to /172.31.42.12:9042
com.datastax.driver.core.exceptions.TransportException: [/172.31.42.12:9042] Cannot connect
	at com.datastax.driver.core.Connection$1.operationComplete(Connection.java:324)
	at com.datastax.driver.core.Connection$1.operationComplete(Connection.java:251)
	at com.datastax.shaded.netty.util.concurrent.DefaultPromise.notifyListener0(DefaultPromise.java:603)
	at com.datastax.shaded.netty.util.concurrent.DefaultPromise.notifyListeners0(DefaultPromise.java:596)
	at com.datastax.shaded.netty.util.concurrent.DefaultPromise.notifyListenersNow(DefaultPromise.java:572)
	at com.datastax.shaded.netty.util.concurrent.DefaultPromise.notifyListeners(DefaultPromise.java:505)
	at com.datastax.shaded.netty.util.concurrent.DefaultPromise.setValue0(DefaultPromise.java:649)
	at com.datastax.shaded.netty.util.concurrent.DefaultPromise.setFailure0(DefaultPromise.java:642)
	at com.datastax.shaded.netty.util.concurrent.DefaultPromise.tryFailure(DefaultPromise.java:131)
	at com.datastax.shaded.netty.channel.nio.AbstractNioChannel$AbstractNioUnsafe$1.run(AbstractNioChannel.java:264)
	at com.datastax.shaded.netty.util.concurrent.PromiseTask.runTask(PromiseTask.java:98)
	at com.datastax.shaded.netty.util.concurrent.ScheduledFutureTask.run(ScheduledFutureTask.java:160)
	at com.datastax.shaded.netty.util.concurrent.AbstractEventExecutor.runTask(AbstractEventExecutor.java:173)
	at com.datastax.shaded.netty.util.concurrent.AbstractEventExecutor.safeExecute(AbstractEventExecutor.java:166)
	at com.datastax.shaded.netty.util.concurrent.SingleThreadEventExecutor.runAllTasks(SingleThreadEventExecutor.java:472)
	at com.datastax.shaded.netty.channel.nio.NioEventLoop.run(NioEventLoop.java:569)
	at com.datastax.shaded.netty.util.concurrent.SingleThreadEventExecutor$4.run(SingleThreadEventExecutor.java:998)
	at com.datastax.shaded.netty.util.internal.ThreadExecutorMap$2.run(ThreadExecutorMap.java:74)
	at com.datastax.shaded.netty.util.concurrent.FastThreadLocalRunnable.run(FastThreadLocalRunnable.java:30)
	at java.base/java.lang.Thread.run(Unknown Source)
Caused by: com.datastax.shaded.netty.channel.ConnectTimeoutException: connection timed out after 5000 ms: /172.31.42.12:19042
	at com.datastax.shaded.netty.channel.nio.AbstractNioChannel$AbstractNioUnsafe$1.run(AbstractNioChannel.java:263)
	... 10 common frames omitted
WARN  [cluster1-nio-worker-3] 2026-07-02 17:00:01,452 HostConnectionPool.java:478 - Error creating connection to /172.31.42.12:9042
com.datastax.driver.core.exceptions.TransportException: [/172.31.42.12:9042] Cannot connect
	at com.datastax.driver.core.Connection$1.operationComplete(Connection.java:324)
	at com.datastax.driver.core.Connection$1.operationComplete(Connection.java:251)
	at com.datastax.shaded.netty.util.concurrent.DefaultPromise.notifyListener0(DefaultPromise.java:603)
	at com.datastax.shaded.netty.util.concurrent.DefaultPromise.notifyListeners0(DefaultPromise.java:596)
	at com.datastax.shaded.netty.util.concurrent.DefaultPromise.notifyListenersNow(DefaultPromise.java:572)
	at com.datastax.shaded.netty.util.concurrent.DefaultPromise.notifyListeners(DefaultPromise.java:505)
	at com.datastax.shaded.netty.util.concurrent.DefaultPromise.setValue0(DefaultPromise.java:649)
	at com.datastax.shaded.netty.util.concurrent.DefaultPromise.setFailure0(DefaultPromise.java:642)
	at com.datastax.shaded.netty.util.concurrent.DefaultPromise.tryFailure(DefaultPromise.java:131)
	at com.datastax.shaded.netty.channel.nio.AbstractNioChannel$AbstractNioUnsafe$1.run(AbstractNioChannel.java:264)
	at com.datastax.shaded.netty.util.concurrent.PromiseTask.runTask(PromiseTask.java:98)
	at com.datastax.shaded.netty.util.concurrent.ScheduledFutureTask.run(ScheduledFutureTask.java:160)
	at com.datastax.shaded.netty.util.concurrent.AbstractEventExecutor.runTask(AbstractEventExecutor.java:173)
	at com.datastax.shaded.netty.util.concurrent.AbstractEventExecutor.safeExecute(AbstractEventExecutor.java:166)
	at com.datastax.shaded.netty.util.concurrent.SingleThreadEventExecutor.runAllTasks(SingleThreadEventExecutor.java:472)
	at com.datastax.shaded.netty.channel.nio.NioEventLoop.run(NioEventLoop.java:569)
	at com.datastax.shaded.netty.util.concurrent.SingleThreadEventExecutor$4.run(SingleThreadEventExecutor.java:998)
	at com.datastax.shaded.netty.util.internal.ThreadExecutorMap$2.run(ThreadExecutorMap.java:74)
	at com.datastax.shaded.netty.util.concurrent.FastThreadLocalRunnable.run(FastThreadLocalRunnable.java:30)
	at java.base/java.lang.Thread.run(Unknown Source)
Caused by: com.datastax.shaded.netty.channel.ConnectTimeoutException: connection timed out after 5000 ms: /172.31.42.12:19042
	at com.datastax.shaded.netty.channel.nio.AbstractNioChannel$AbstractNioUnsafe$1.run(AbstractNioChannel.java:263)
	... 10 common frames omitted
WARN  [cluster1-nio-worker-0] 2026-07-02 17:00:01,438 HostConnectionPool.java:478 - Error creating connection to /172.31.42.12:9042
com.datastax.driver.core.exceptions.TransportException: [/172.31.42.12:9042] Cannot connect
	at com.datastax.driver.core.Connection$1.operationComplete(Connection.java:324)
	at com.datastax.driver.core.Connection$1.operationComplete(Connection.java:251)
	at com.datastax.shaded.netty.util.concurrent.DefaultPromise.notifyListener0(DefaultPromise.java:603)
	at com.datastax.shaded.netty.util.concurrent.DefaultPromise.notifyListeners0(DefaultPromise.java:596)
	at com.datastax.shaded.netty.util.concurrent.DefaultPromise.notifyListenersNow(DefaultPromise.java:572)
	at com.datastax.shaded.netty.util.concurrent.DefaultPromise.notifyListeners(DefaultPromise.java:505)
	at com.datastax.shaded.netty.util.concurrent.DefaultPromise.setValue0(DefaultPromise.java:649)
	at com.datastax.shaded.netty.util.concurrent.DefaultPromise.setFailure0(DefaultPromise.java:642)
	at com.datastax.shaded.netty.util.concurrent.DefaultPromise.tryFailure(DefaultPromise.java:131)
	at com.datastax.shaded.netty.channel.nio.AbstractNioChannel$AbstractNioUnsafe$1.run(AbstractNioChannel.java:264)
	at com.datastax.shaded.netty.util.concurrent.PromiseTask.runTask(PromiseTask.java:98)
	at com.datastax.shaded.netty.util.concurrent.ScheduledFutureTask.run(ScheduledFutureTask.java:160)
	at com.datastax.shaded.netty.util.concurrent.AbstractEventExecutor.runTask(AbstractEventExecutor.java:173)
	at com.datastax.shaded.netty.util.concurrent.AbstractEventExecutor.safeExecute(AbstractEventExecutor.java:166)
	at com.datastax.shaded.netty.util.concurrent.SingleThreadEventExecutor.runAllTasks(SingleThreadEventExecutor.java:472)
	at com.datastax.shaded.netty.channel.nio.NioEventLoop.run(NioEventLoop.java:569)
	at com.datastax.shaded.netty.util.concurrent.SingleThreadEventExecutor$4.run(SingleThreadEventExecutor.java:998)
	at com.datastax.shaded.netty.util.internal.ThreadExecutorMap$2.run(ThreadExecutorMap.java:74)
	at com.datastax.shaded.netty.util.concurrent.FastThreadLocalRunnable.run(FastThreadLocalRunnable.java:30)
	at java.base/java.lang.Thread.run(Unknown Source)
Caused by: com.datastax.shaded.netty.channel.ConnectTimeoutException: connection timed out after 5000 ms: /172.31.42.12:19042
	at com.datastax.shaded.netty.channel.nio.AbstractNioChannel$AbstractNioUnsafe$1.run(AbstractNioChannel.java:263)
	... 10 common frames omitted
WARN  [cluster1-nio-worker-0] 2026-07-02 17:00:01,478 Connection.java:288 - Error creating netty channel to /172.31.42.12:9042
com.datastax.shaded.netty.channel.ConnectTimeoutException: connection timed out after 5000 ms: /172.31.42.12:19042
	at com.datastax.shaded.netty.channel.nio.AbstractNioChannel$AbstractNioUnsafe$1.run(AbstractNioChannel.java:263)
	at com.datastax.shaded.netty.util.concurrent.PromiseTask.runTask(PromiseTask.java:98)
	at com.datastax.shaded.netty.util.concurrent.ScheduledFutureTask.run(ScheduledFutureTask.java:160)
	at com.datastax.shaded.netty.util.concurrent.AbstractEventExecutor.runTask(AbstractEventExecutor.java:173)
	at com.datastax.shaded.netty.util.concurrent.AbstractEventExecutor.safeExecute(AbstractEventExecutor.java:166)
	at com.datastax.shaded.netty.util.concurrent.SingleThreadEventExecutor.runAllTasks(SingleThreadEventExecutor.java:472)
	at com.datastax.shaded.netty.channel.nio.NioEventLoop.run(NioEventLoop.java:569)
	at com.datastax.shaded.netty.util.concurrent.SingleThreadEventExecutor$4.run(SingleThreadEventExecutor.java:998)
	at com.datastax.shaded.netty.util.internal.ThreadExecutorMap$2.run(ThreadExecutorMap.java:74)
	at com.datastax.shaded.netty.util.concurrent.FastThreadLocalRunnable.run(FastThreadLocalRunnable.java:30)
	at java.base/java.lang.Thread.run(Unknown Source)
WARN  [cluster1-nio-worker-0] 2026-07-02 17:00:01,490 HostConnectionPool.java:478 - Error creating connection to /172.31.42.12:9042
com.datastax.driver.core.exceptions.TransportException: [/172.31.42.12:9042] Cannot connect
	at com.datastax.driver.core.Connection$1.operationComplete(Connection.java:324)
	at com.datastax.driver.core.Connection$1.operationComplete(Connection.java:251)
	at com.datastax.shaded.netty.util.concurrent.DefaultPromise.notifyListener0(DefaultPromise.java:603)
	at com.datastax.shaded.netty.util.concurrent.DefaultPromise.notifyListeners0(DefaultPromise.java:596)
	at com.datastax.shaded.netty.util.concurrent.DefaultPromise.notifyListenersNow(DefaultPromise.java:572)
	at com.datastax.shaded.netty.util.concurrent.DefaultPromise.notifyListeners(DefaultPromise.java:505)
	at com.datastax.shaded.netty.util.concurrent.DefaultPromise.setValue0(DefaultPromise.java:649)
	at com.datastax.shaded.netty.util.concurrent.DefaultPromise.setFailure0(DefaultPromise.java:642)
	at com.datastax.shaded.netty.util.concurrent.DefaultPromise.tryFailure(DefaultPromise.java:131)
	at com.datastax.shaded.netty.channel.nio.AbstractNioChannel$AbstractNioUnsafe$1.run(AbstractNioChannel.java:264)
	at com.datastax.shaded.netty.util.concurrent.PromiseTask.runTask(PromiseTask.java:98)
	at com.datastax.shaded.netty.util.concurrent.ScheduledFutureTask.run(ScheduledFutureTask.java:160)
	at com.datastax.shaded.netty.util.concurrent.AbstractEventExecutor.runTask(AbstractEventExecutor.java:173)
	at com.datastax.shaded.netty.util.concurrent.AbstractEventExecutor.safeExecute(AbstractEventExecutor.java:166)
	at com.datastax.shaded.netty.util.concurrent.SingleThreadEventExecutor.runAllTasks(SingleThreadEventExecutor.java:472)
	at com.datastax.shaded.netty.channel.nio.NioEventLoop.run(NioEventLoop.java:569)
	at com.datastax.shaded.netty.util.concurrent.SingleThreadEventExecutor$4.run(SingleThreadEventExecutor.java:998)
	at com.datastax.shaded.netty.util.internal.ThreadExecutorMap$2.run(ThreadExecutorMap.java:74)
	at com.datastax.shaded.netty.util.concurrent.FastThreadLocalRunnable.run(FastThreadLocalRunnable.java:30)
	at java.base/java.lang.Thread.run(Unknown Source)
Caused by: com.datastax.shaded.netty.channel.ConnectTimeoutException: connection timed out after 5000 ms: /172.31.42.12:19042
	at com.datastax.shaded.netty.channel.nio.AbstractNioChannel$AbstractNioUnsafe$1.run(AbstractNioChannel.java:263)
	... 10 common frames omitted
WARN  [cluster1-nio-worker-1] 2026-07-02 17:00:01,581 RequestHandler.java:260 - Query '[0 bound values] CREATE KEYSPACE IF NOT EXISTS "keyspace1" WITH replication = {'class': 'org.apache.cassandra.locator.NetworkTopologyStrategy', 'replication_factor' : '1'} AND durable_writes = true;' generated server side warning(s): Tables in this keyspace will be replicated using Tablets and will not support CDC, LWT and counters features. To use CDC, LWT or counters, drop this keyspace and re-create it without tablets by adding AND TABLETS = {'enabled': false} to the CREATE KEYSPACE statement.
WARN  [cluster1-nio-worker-1] 2026-07-02 17:00:01,585 RequestHandler.java:260 - Query '[0 bound values] CREATE KEYSPACE IF NOT EXISTS "keyspace1" WITH replication = {'class': 'org.apache.cassandra.locator.NetworkTopologyStrategy', 'replication_factor' : '1'} AND durable_writes = true;' generated server side warning(s): Using Replication Factor replication_factor=1 lower than the minimum_replication_factor_warn_threshold=3 is not recommended.
Created keyspaces. Sleeping 2s for propagation.
Sleeping 2s...
Warming up WRITE with 100000 iterations...
Failed to connect over JMX; not collecting these stats
Thread count was not specified

Running with 16 threadCount
Running WRITE with 16 threads for 500000 iteration
Failed to connect over JMX; not collecting these stats
type       total ops,    op/s,    pk/s,   row/s,    mean,     med,     .95,     .99,    .999,     max,   time,   stderr, errors,  gc: #,  max ms,  sum ms,  sdv ms,      mb
total,          3863,    3863,    3863,    3863,     1.3,     1.1,     2.5,     3.9,    18.2,    19.0,    1.0,  0.00000,      0,      0,       0,       0,       0,       0
total,         16366,   12503,   12503,   12503,     1.3,     1.1,     2.4,     3.4,    11.4,    15.2,    2.0,  0.37230,      0,      0,       0,       0,       0,       0
total,         30688,   14322,   14322,   14322,     1.1,     1.0,     2.0,     3.1,     6.6,     7.7,    3.0,  0.25607,      0,      0,       0,       0,       0,       0
total,         44720,   14032,   14032,   14032,     1.1,     1.0,     1.9,     2.8,     8.3,    10.6,    4.0,  0.19046,      0,      0,       0,       0,       0,       0
total,         61219,   16499,   16499,   16499,     1.0,     0.8,     1.8,     2.7,     8.2,    12.4,    5.0,  0.15941,      0,      0,       0,       0,       0,       0
total,         77994,   16775,   16775,   16775,     0.9,     0.8,     1.7,     2.6,    14.4,    15.1,    6.0,  0.13606,      0,      0,       0,       0,       0,       0
total,         91247,   13253,   13253,   13253,     1.2,     1.1,     1.9,     2.6,     7.0,     8.0,    7.0,  0.11639,      0,      0,       0,       0,       0,       0
total,        105578,   14331,   14331,   14331,     1.1,     1.0,     1.8,     2.5,     7.0,     8.1,    8.0,  0.10125,      0,      0,       0,       0,       0,       0
total,        121975,   16397,   16397,   16397,     1.0,     0.8,     1.8,     2.4,     5.9,     8.8,    9.0,  0.09100,      0,      0,       0,       0,       0,       0
total,        137885,   15910,   15910,   15910,     1.0,     0.9,     1.8,     2.6,     7.5,     8.8,   10.0,  0.08209,      0,      0,       0,       0,       0,       0
total,        152976,   15091,   15091,   15091,     1.0,     0.9,     1.8,     2.5,    10.6,    16.3,   11.0,  0.07446,      0,      0,       0,       0,       0,       0
total,        167727,   14751,   14751,   14751,     1.1,     1.0,     1.9,     2.9,     8.6,    16.4,   12.0,  0.06808,      0,      0,       0,       0,       0,       0
total,        183232,   15505,   15505,   15505,     1.0,     0.9,     1.8,     2.5,     7.4,     9.3,   13.0,  0.06282,      0,      0,       0,       0,       0,       0
total,        195537,   12305,   12305,   12305,     1.3,     1.2,     2.1,     2.9,     9.9,    10.4,   14.0,  0.05954,      0,      0,       0,       0,       0,       0
total,        210694,   15157,   15157,   15157,     1.0,     1.0,     1.8,     2.4,     6.5,    23.7,   15.0,  0.05557,      0,      0,       0,       0,       0,       0
total,        225638,   14944,   14944,   14944,     1.1,     0.9,     1.9,     3.3,     8.3,    13.4,   16.0,  0.05203,      0,      0,       0,       0,       0,       0
total,        241973,   16335,   16335,   16335,     1.0,     0.8,     1.7,     2.3,     6.6,     7.6,   17.0,  0.04930,      0,      0,       0,       0,       0,       0
total,        256453,   14480,   14480,   14480,     1.1,     1.0,     2.0,     3.3,     8.8,    10.4,   18.0,  0.04652,      0,      0,       0,       0,       0,       0
total,        272699,   16246,   16246,   16246,     1.0,     0.9,     1.8,     2.4,     5.6,     6.3,   19.0,  0.04429,      0,      0,       0,       0,       0,       0
total,        285542,   12843,   12843,   12843,     1.2,     1.2,     2.1,     2.7,     4.3,     7.6,   20.0,  0.04264,      0,      0,       0,       0,       0,       0
total,        300577,   15035,   15035,   15035,     1.0,     0.9,     1.8,     2.5,    12.1,    15.0,   21.0,  0.04059,      0,      0,       0,       0,       0,       0
total,        316312,   15735,   15735,   15735,     1.0,     0.9,     1.8,     2.4,     6.2,    11.3,   22.0,  0.03882,      0,      0,       0,       0,       0,       0
total,        329126,   12814,   12814,   12814,     1.2,     1.1,     2.2,     2.8,     9.8,    15.6,   23.0,  0.03757,      0,      0,       0,       0,       0,       0
total,        344421,   15295,   15295,   15295,     1.0,     0.9,     1.8,     2.7,     8.2,     8.8,   24.0,  0.03601,      0,      0,       0,       0,       0,       0
total,        356723,   12302,   12302,   12302,     1.3,     1.0,     2.2,     7.8,    37.4,    49.8,   25.0,  0.03498,      0,      0,       0,       0,       0,       0
total,        361206,    4483,    4483,    4483,     3.5,     1.8,    11.6,    21.4,    52.4,    73.9,   26.0,  0.04306,      0,      0,       0,       0,       0,       0
total,        370785,    9579,    9579,    9579,     1.7,     0.9,     6.0,    13.7,    21.7,    27.8,   27.0,  0.04336,      0,      0,       0,       0,       0,       0
total,        387971,   17186,   17186,   17186,     0.9,     0.7,     1.6,     2.6,    11.3,    24.9,   28.0,  0.04243,      0,      0,       0,       0,       0,       0
total,        399586,   11615,   11615,   11615,     1.4,     1.3,     2.3,     3.0,     7.9,     8.7,   29.0,  0.04160,      0,      0,       0,       0,       0,       0
total,        412013,   12427,   12427,   12427,     1.3,     1.1,     2.1,     3.0,    15.3,    16.9,   30.0,  0.04046,      0,      0,       0,       0,       0,       0
total,        425511,   13498,   13498,   13498,     1.2,     1.0,     2.1,     4.6,    12.1,    20.0,   31.0,  0.03917,      0,      0,       0,       0,       0,       0
total,        439931,   14420,   14420,   14420,     1.1,     1.0,     1.9,     3.0,     9.4,    10.4,   32.0,  0.03792,      0,      0,       0,       0,       0,       0
total,        453288,   13357,   13357,   13357,     1.2,     1.0,     2.2,     4.0,    18.4,    19.6,   33.0,  0.03681,      0,      0,       0,       0,       0,       0
total,        467341,   14053,   14053,   14053,     1.1,     1.0,     1.9,     2.7,    16.0,    16.8,   34.0,  0.03570,      0,      0,       0,       0,       0,       0
total,        478888,   11547,   11547,   11547,     1.4,     1.3,     2.4,     4.0,    14.4,    15.2,   35.0,  0.03513,      0,      0,       0,       0,       0,       0
total,        492134,   13246,   13246,   13246,     1.2,     1.1,     2.0,     2.8,    12.8,    14.0,   36.0,  0.03420,      0,      0,       0,       0,       0,       0
total,        500000,   12712,   12712,   12712,     1.2,     1.1,     2.2,     5.3,    17.4,    27.2,   36.6,  0.03333,      0,      0,       0,       0,       0,       0


Results:
Op rate                   :   13,654 op/s  [WRITE: 13,654 op/s]
Partition rate            :   13,654 pk/s  [WRITE: 13,654 pk/s]
Row rate                  :   13,654 row/s [WRITE: 13,654 row/s]
Latency mean              :    1.1 ms [WRITE: 1.1 ms]
Latency median            :    1.0 ms [WRITE: 1.0 ms]
Latency 95th percentile   :    2.0 ms [WRITE: 2.0 ms]
Latency 99th percentile   :    3.7 ms [WRITE: 3.7 ms]
Latency 99.9th percentile :   14.2 ms [WRITE: 14.2 ms]
Latency max               :   73.9 ms [WRITE: 73.9 ms]
Total partitions          :    500,000 [WRITE: 500,000]
Total errors              :          0 [WRITE: 0]
Total GC count            : 0
Total GC memory           : 0.000 KiB
Total GC time             :    0.0 seconds
Avg GC time               :    NaN ms
StdDev GC time            :    0.0 ms
Total operation time      : 00:00:36

Sleeping for 15s

Running with 116 threadCount
Running WRITE with 116 threads for 500000 iteration
Failed to connect over JMX; not collecting these stats
type       total ops,    op/s,    pk/s,   row/s,    mean,     med,     .95,     .99,    .999,     max,   time,   stderr, errors,  gc: #,  max ms,  sum ms,  sdv ms,      mb
total,         28914,   28914,   28914,   28914,     3.9,     3.0,     9.7,    17.2,    33.3,    36.3,    1.0,  0.00000,      0,      0,       0,       0,       0,       0
total,         60610,   31696,   31696,   31696,     3.6,     3.0,     7.9,    12.5,    23.6,    29.2,    2.0,  0.02987,      0,      0,       0,       0,       0,       0
total,         91760,   31150,   31150,   31150,     3.7,     3.3,     7.3,    11.1,    16.4,    19.5,    3.0,  0.02019,      0,      0,       0,       0,       0,       0
total,        119760,   28000,   28000,   28000,     4.1,     3.4,     7.8,    12.9,    78.8,    79.8,    4.0,  0.01690,      0,      0,       0,       0,       0,       0
total,        151231,   31471,   31471,   31471,     3.7,     3.2,     7.4,    10.0,    17.1,    22.6,    5.0,  0.01456,      0,      0,       0,       0,       0,       0
total,        182035,   30804,   30804,   30804,     3.8,     3.4,     7.5,    10.8,    16.8,    27.9,    6.0,  0.01219,      0,      0,       0,       0,       0,       0
total,        212458,   30423,   30423,   30423,     3.8,     3.4,     7.5,    10.5,    15.4,    21.6,    7.0,  0.01058,      0,      0,       0,       0,       0,       0
total,        240597,   28139,   28139,   28139,     4.1,     3.5,     8.4,    17.3,    23.0,    25.1,    8.0,  0.01338,      0,      0,       0,       0,       0,       0
total,        267787,   27190,   27190,   27190,     4.2,     3.9,     8.2,    10.6,    20.3,    22.2,    9.0,  0.01642,      0,      0,       0,       0,       0,       0
total,        292663,   24876,   24876,   24876,     4.6,     3.7,    10.8,    26.4,    28.7,    31.5,   10.0,  0.02182,      0,      0,       0,       0,       0,       0
total,        319593,   26930,   26930,   26930,     4.3,     3.8,     7.9,    15.5,    27.8,    30.3,   11.0,  0.02119,      0,      0,       0,       0,       0,       0
total,        344391,   24798,   24798,   24798,     4.6,     3.7,     9.6,    26.3,    31.7,    33.4,   12.0,  0.02288,      0,      0,       0,       0,       0,       0
total,        364711,   20320,   20320,   20320,     5.7,     3.8,    19.8,    33.3,    36.6,    39.3,   13.0,  0.03057,      0,      0,       0,       0,       0,       0
total,        386354,   21643,   21643,   21643,     5.3,     3.8,    17.4,    25.2,    35.1,    38.1,   14.0,  0.03281,      0,      0,       0,       0,       0,       0
total,        411409,   25055,   25055,   25055,     4.6,     4.4,     8.4,    10.9,    22.7,    25.5,   15.0,  0.03148,      0,      0,       0,       0,       0,       0
total,        436953,   25544,   25544,   25544,     4.5,     4.3,     8.4,    11.1,    15.9,    16.9,   16.0,  0.03009,      0,      0,       0,       0,       0,       0
total,        462501,   25548,   25548,   25548,     4.5,     4.2,     8.3,    11.8,    23.5,    25.1,   17.0,  0.02872,      0,      0,       0,       0,       0,       0
total,        489677,   27176,   27176,   27176,     4.2,     3.9,     8.1,    11.2,    21.5,    23.2,   18.0,  0.02715,      0,      0,       0,       0,       0,       0
total,        500000,   26950,   26950,   26950,     4.2,     3.9,     7.9,    12.0,    18.7,    20.9,   18.4,  0.02571,      0,      0,       0,       0,       0,       0


Results:
Op rate                   :   27,199 op/s  [WRITE: 27,199 op/s]
Partition rate            :   27,199 pk/s  [WRITE: 27,199 pk/s]
Row rate                  :   27,199 row/s [WRITE: 27,199 row/s]
Latency mean              :    4.2 ms [WRITE: 4.2 ms]
Latency median            :    3.6 ms [WRITE: 3.6 ms]
Latency 95th percentile   :    8.5 ms [WRITE: 8.5 ms]
Latency 99th percentile   :   17.3 ms [WRITE: 17.3 ms]
Latency 99.9th percentile :   33.1 ms [WRITE: 33.1 ms]
Latency max               :   79.8 ms [WRITE: 79.8 ms]
Total partitions          :    500,000 [WRITE: 500,000]
Total errors              :          0 [WRITE: 0]
Total GC count            : 0
Total GC memory           : 0.000 KiB
Total GC time             :    0.0 seconds
Avg GC time               :    NaN ms
StdDev GC time            :    0.0 ms
Total operation time      : 00:00:18

Improvement over 16 threadCount: 99%
Sleeping for 15s

Running with 216 threadCount
Running WRITE with 216 threads for 500000 iteration
Failed to connect over JMX; not collecting these stats
type       total ops,    op/s,    pk/s,   row/s,    mean,     med,     .95,     .99,    .999,     max,   time,   stderr, errors,  gc: #,  max ms,  sum ms,  sdv ms,      mb
total,          2471,    2471,    2471,    2471,     7.8,     6.0,    20.7,    34.5,    40.5,    43.4,    1.0,  0.00000,      0,      0,       0,       0,       0,       0
total,         29334,   26863,   26863,   26863,     8.0,     7.0,    17.8,    33.1,    57.4,    75.5,    2.0,  0.59165,      0,      0,       0,       0,       0,       0
total,         61935,   32601,   32601,   32601,     6.6,     6.1,    14.5,    19.3,    31.0,    37.3,    3.0,  0.36367,      0,      0,       0,       0,       0,       0
total,         93619,   31684,   31684,   31684,     6.8,     6.1,    13.6,    26.8,    47.4,    49.7,    4.0,  0.26124,      0,      0,       0,       0,       0,       0
total,        124219,   30600,   30600,   30600,     7.0,     6.7,    13.6,    17.1,    22.4,    25.9,    5.0,  0.20351,      0,      0,       0,       0,       0,       0
total,        157407,   33188,   33188,   33188,     6.5,     5.5,    14.9,    23.5,    33.1,    34.9,    6.0,  0.16751,      0,      0,       0,       0,       0,       0
total,        186139,   28732,   28732,   28732,     7.5,     6.7,    16.6,    22.1,    28.0,    32.8,    7.0,  0.14232,      0,      0,       0,       0,       0,       0
total,        217701,   31562,   31562,   31562,     6.8,     5.9,    15.2,    23.0,    30.5,    33.9,    8.0,  0.12350,      0,      0,       0,       0,       0,       0
total,        248817,   31116,   31116,   31116,     6.9,     6.1,    15.3,    21.2,    28.2,    29.5,    9.0,  0.10904,      0,      0,       0,       0,       0,       0
total,        280053,   31236,   31236,   31236,     6.9,     6.0,    15.5,    21.3,    25.5,    31.3,   10.0,  0.09763,      0,      0,       0,       0,       0,       0
total,        309380,   29327,   29327,   29327,     7.3,     6.6,    16.3,    22.6,    30.8,    34.1,   11.0,  0.08849,      0,      0,       0,       0,       0,       0
total,        339155,   29775,   29775,   29775,     7.2,     6.7,    14.3,    18.6,    24.8,    28.6,   12.0,  0.08088,      0,      0,       0,       0,       0,       0
total,        364837,   25682,   25682,   25682,     8.4,     8.0,    16.2,    22.7,    27.2,    28.3,   13.0,  0.07560,      0,      0,       0,       0,       0,       0
total,        391114,   26277,   26277,   26277,     8.2,     7.9,    15.4,    18.9,    23.5,    26.3,   14.0,  0.07076,      0,      0,       0,       0,       0,       0
total,        418479,   27365,   27365,   27365,     7.9,     7.3,    15.8,    21.2,    27.7,    34.2,   15.0,  0.06616,      0,      0,       0,       0,       0,       0
total,        446570,   28091,   28091,   28091,     7.7,     7.2,    14.9,    18.0,    19.7,    21.7,   16.0,  0.06205,      0,      0,       0,       0,       0,       0
total,        476518,   29948,   29948,   29948,     7.2,     6.6,    14.3,    19.6,    33.8,    39.1,   17.0,  0.05830,      0,      0,       0,       0,       0,       0
total,        500000,   29938,   29938,   29938,     7.2,     6.5,    14.4,    18.9,    26.1,    32.3,   17.8,  0.05498,      0,      0,       0,       0,       0,       0


Results:
Op rate                   :   28,115 op/s  [WRITE: 28,115 op/s]
Partition rate            :   28,115 pk/s  [WRITE: 28,115 pk/s]
Row rate                  :   28,115 row/s [WRITE: 28,115 row/s]
Latency mean              :    7.3 ms [WRITE: 7.3 ms]
Latency median            :    6.6 ms [WRITE: 6.6 ms]
Latency 95th percentile   :   15.2 ms [WRITE: 15.2 ms]
Latency 99th percentile   :   21.5 ms [WRITE: 21.5 ms]
Latency 99.9th percentile :   33.7 ms [WRITE: 33.7 ms]
Latency max               :   75.5 ms [WRITE: 75.5 ms]
Total partitions          :    500,000 [WRITE: 500,000]
Total errors              :          0 [WRITE: 0]
Total GC count            : 0
Total GC memory           : 0.000 KiB
Total GC time             :    0.0 seconds
Avg GC time               :    NaN ms
StdDev GC time            :    0.0 ms
Total operation time      : 00:00:17

Improvement over 116 threadCount: 3%
Sleeping for 15s

Running with 316 threadCount
Running WRITE with 316 threads for 500000 iteration
Failed to connect over JMX; not collecting these stats
type       total ops,    op/s,    pk/s,   row/s,    mean,     med,     .95,     .99,    .999,     max,   time,   stderr, errors,  gc: #,  max ms,  sum ms,  sdv ms,      mb
total,          6743,    6743,    6743,    6743,    11.5,     7.7,    39.0,    68.2,    82.4,    83.4,    1.0,  0.00000,      0,      0,       0,       0,       0,       0
total,         39437,   32694,   32694,   32694,     9.6,     8.6,    20.9,    32.9,    39.2,    54.7,    2.0,  0.45906,      0,      0,       0,       0,       0,       0
total,         71904,   32467,   32467,   32467,     9.7,     8.0,    23.3,    31.2,    43.2,    61.1,    3.0,  0.29051,      0,      0,       0,       0,       0,       0
total,        105884,   33980,   33980,   33980,     9.2,     8.7,    18.5,    24.2,    30.1,    33.3,    4.0,  0.21265,      0,      0,       0,       0,       0,       0
total,        137820,   31936,   31936,   31936,     9.9,     9.3,    18.7,    24.6,    33.5,    38.6,    5.0,  0.16713,      0,      0,       0,       0,       0,       0
total,        169510,   31690,   31690,   31690,    10.0,     9.2,    20.6,    25.6,    30.4,    33.7,    6.0,  0.13769,      0,      0,       0,       0,       0,       0
total,        202272,   32762,   32762,   32762,     9.6,     8.9,    18.9,    25.5,    35.1,    41.1,    7.0,  0.11718,      0,      0,       0,       0,       0,       0
total,        234967,   32695,   32695,   32695,     9.6,     8.7,    20.1,    28.0,    37.2,    38.7,    8.0,  0.10197,      0,      0,       0,       0,       0,       0
total,        266740,   31773,   31773,   31773,    10.0,     9.1,    21.4,    30.3,    39.4,    45.5,    9.0,  0.09023,      0,      0,       0,       0,       0,       0
total,        299545,   32805,   32805,   32805,     9.6,     8.9,    18.1,    25.4,    34.4,    35.8,   10.0,  0.08094,      0,      0,       0,       0,       0,       0
total,        331230,   31685,   31685,   31685,    10.0,     9.5,    19.5,    26.6,    40.3,    42.9,   11.0,  0.07337,      0,      0,       0,       0,       0,       0
total,        363764,   32534,   32534,   32534,     9.7,     9.0,    19.5,    27.3,    37.4,    39.0,   12.0,  0.06710,      0,      0,       0,       0,       0,       0
total,        389750,   25986,   25986,   25986,    12.1,    10.0,    26.6,    50.6,    66.5,    70.3,   13.0,  0.06312,      0,      0,       0,       0,       0,       0
total,        417403,   27653,   27653,   27653,    11.4,    10.3,    25.4,    31.2,    35.8,    46.7,   14.0,  0.05916,      0,      0,       0,       0,       0,       0
total,        446219,   28816,   28816,   28816,    10.9,    10.3,    22.4,    26.9,    30.1,    40.0,   15.0,  0.05542,      0,      0,       0,       0,       0,       0
total,        473630,   27411,   27411,   27411,    11.5,    11.3,    20.0,    25.2,    33.2,    36.8,   16.0,  0.05250,      0,      0,       0,       0,       0,       0
total,        500000,   28201,   28201,   28201,    11.1,    10.7,    20.1,    26.0,    32.6,    37.6,   16.9,  0.04964,      0,      0,       0,       0,       0,       0


Results:
Op rate                   :   29,524 op/s  [WRITE: 29,524 op/s]
Partition rate            :   29,524 pk/s  [WRITE: 29,524 pk/s]
Row rate                  :   29,524 row/s [WRITE: 29,524 row/s]
Latency mean              :   10.2 ms [WRITE: 10.2 ms]
Latency median            :    9.4 ms [WRITE: 9.4 ms]
Latency 95th percentile   :   21.0 ms [WRITE: 21.0 ms]
Latency 99th percentile   :   29.0 ms [WRITE: 29.0 ms]
Latency 99.9th percentile :   50.5 ms [WRITE: 50.5 ms]
Latency max               :   83.4 ms [WRITE: 83.4 ms]
Total partitions          :    500,000 [WRITE: 500,000]
Total errors              :          0 [WRITE: 0]
Total GC count            : 0
Total GC memory           : 0.000 KiB
Total GC time             :    0.0 seconds
Avg GC time               :    NaN ms
StdDev GC time            :    0.0 ms
Total operation time      : 00:00:16

Improvement over 216 threadCount: 5%
Sleeping for 15s

Running with 416 threadCount
Running WRITE with 416 threads for 500000 iteration
type       total ops,    op/s,    pk/s,   row/s,    mean,     med,     .95,     .99,    .999,     max,   time,   stderr, errors,  gc: #,  max ms,  sum ms,  sdv ms,      mb
Failed to connect over JMX; not collecting these stats
total,         10107,   10107,   10107,   10107,    15.1,    12.8,    30.0,    68.8,    73.9,    81.6,    1.0,  0.00000,      0,      0,       0,       0,       0,       0
total,         39183,   29076,   29076,   29076,    14.1,    12.8,    29.3,    52.6,    67.2,    68.4,    2.0,  0.33845,      0,      0,       0,       0,       0,       0
total,         68818,   29635,   29635,   29635,    13.4,    10.9,    31.0,    47.8,    80.8,   110.1,    3.0,  0.23060,      0,      0,       0,       0,       0,       0
total,         98322,   29504,   29504,   29504,    14.0,    11.8,    32.4,    44.1,    51.4,    60.2,    4.0,  0.17050,      0,      0,       0,       0,       0,       0
total,        131877,   33555,   33555,   33555,    12.4,    10.8,    28.5,    37.5,    53.0,    56.5,    5.0,  0.13945,      0,      0,       0,       0,       0,       0
total,        158866,   26989,   26989,   26989,    15.3,    13.0,    33.7,    57.8,    76.5,    77.7,    6.0,  0.11576,      0,      0,       0,       0,       0,       0
total,        190514,   31648,   31648,   31648,    13.1,    12.7,    25.1,    31.6,    36.5,    44.4,    7.0,  0.09915,      0,      0,       0,       0,       0,       0
total,        222407,   31893,   31893,   31893,    13.0,    12.4,    25.1,    33.9,    45.5,    47.0,    8.0,  0.08681,      0,      0,       0,       0,       0,       0
total,        246071,   23664,   23664,   23664,    17.5,    13.0,    41.1,   107.0,   158.2,   161.1,    9.0,  0.07782,      0,      0,       0,       0,       0,       0
total,        266682,   20611,   20611,   20611,    19.3,    17.7,    39.4,    64.2,    70.5,    82.8,   10.0,  0.07550,      0,      0,       0,       0,       0,       0
total,        291369,   24687,   24687,   24687,    17.5,    13.7,    47.1,    81.7,   101.6,   104.1,   11.0,  0.06905,      0,      0,       0,       0,       0,       0
total,        318991,   27622,   27622,   27622,    15.0,    14.0,    32.4,    41.0,    51.2,    60.3,   12.0,  0.06321,      0,      0,       0,       0,       0,       0
total,        348722,   29731,   29731,   29731,    14.0,    12.5,    27.2,    63.1,    83.0,    87.7,   13.0,  0.05855,      0,      0,       0,       0,       0,       0
total,        379644,   30922,   30922,   30922,    13.4,    12.2,    27.9,    42.5,    49.4,    52.9,   14.0,  0.05453,      0,      0,       0,       0,       0,       0
total,        410462,   30818,   30818,   30818,    13.5,    11.8,    28.5,    37.6,    52.8,    57.6,   15.0,  0.05103,      0,      0,       0,       0,       0,       0
total,        438039,   27577,   27577,   27577,    15.0,    14.0,    30.2,    44.7,    53.2,    56.6,   16.0,  0.04788,      0,      0,       0,       0,       0,       0
total,        464126,   26087,   26087,   26087,    15.9,    14.9,    31.1,    39.6,    49.8,    52.7,   17.0,  0.04542,      0,      0,       0,       0,       0,       0
total,        492843,   28717,   28717,   28717,    14.5,    13.6,    29.0,    38.4,    50.8,    55.1,   18.0,  0.04286,      0,      0,       0,       0,       0,       0
total,        500000,   24981,   24981,   24981,    16.2,    16.2,    24.8,    32.7,    36.4,    39.7,   18.3,  0.04065,      0,      0,       0,       0,       0,       0


Results:
Op rate                   :   27,343 op/s  [WRITE: 27,343 op/s]
Partition rate            :   27,343 pk/s  [WRITE: 27,343 pk/s]
Row rate                  :   27,343 row/s [WRITE: 27,343 row/s]
Latency mean              :   14.6 ms [WRITE: 14.6 ms]
Latency median            :   12.9 ms [WRITE: 12.9 ms]
Latency 95th percentile   :   31.1 ms [WRITE: 31.1 ms]
Latency 99th percentile   :   49.4 ms [WRITE: 49.4 ms]
Latency 99.9th percentile :   84.1 ms [WRITE: 84.1 ms]
Latency max               :  161.1 ms [WRITE: 161.1 ms]
Total partitions          :    500,000 [WRITE: 500,000]
Total errors              :          0 [WRITE: 0]
Total GC count            : 0
Total GC memory           : 0.000 KiB
Total GC time             :    0.0 seconds
Avg GC time               :    NaN ms
StdDev GC time            :    0.0 ms
Total operation time      : 00:00:18

Improvement over 316 threadCount: -7%
             id, type       total ops,    op/s,    pk/s,   row/s,    mean,     med,     .95,     .99,    .999,     max,   time,   stderr, errors,  gc: #,  max ms,  sum ms,  sdv ms,      mb
 16 threadCount, WRITE,        500000,   13654,   13654,   13654,     1.1,     1.0,     2.0,     3.7,    14.2,    73.9,   36.6,  0.03333,      0,      0,       0,       0,       0,       0
 16 threadCount, total,        500000,   13654,   13654,   13654,     1.1,     1.0,     2.0,     3.7,    14.2,    73.9,   36.6,  0.03333,      0,      0,       0,       0,       0,       0
116 threadCount, WRITE,        500000,   27199,   27199,   27199,     4.2,     3.6,     8.5,    17.3,    33.1,    79.8,   18.4,  0.02571,      0,      0,       0,       0,       0,       0
116 threadCount, total,        500000,   27199,   27199,   27199,     4.2,     3.6,     8.5,    17.3,    33.1,    79.8,   18.4,  0.02571,      0,      0,       0,       0,       0,       0
216 threadCount, WRITE,        500000,   28115,   28115,   28115,     7.3,     6.6,    15.2,    21.5,    33.7,    75.5,   17.8,  0.05498,      0,      0,       0,       0,       0,       0
216 threadCount, total,        500000,   28115,   28115,   28115,     7.3,     6.6,    15.2,    21.5,    33.7,    75.5,   17.8,  0.05498,      0,      0,       0,       0,       0,       0
316 threadCount, WRITE,        500000,   29524,   29524,   29524,    10.2,     9.4,    21.0,    29.0,    50.5,    83.4,   16.9,  0.04964,      0,      0,       0,       0,       0,       0
316 threadCount, total,        500000,   29524,   29524,   29524,    10.2,     9.4,    21.0,    29.0,    50.5,    83.4,   16.9,  0.04964,      0,      0,       0,       0,       0,       0
416 threadCount, WRITE,        500000,   27343,   27343,   27343,    14.6,    12.9,    31.1,    49.4,    84.1,   161.1,   18.3,  0.04065,      0,      0,       0,       0,       0,       0
416 threadCount, total,        500000,   27343,   27343,   27343,    14.6,    12.9,    31.1,    49.4,    84.1,   161.1,   18.3,  0.04065,      0,      0,       0,       0,       0,       0
END
